  [1m[35m (1.4ms)[0m  [1m[35mCREATE DATABASE "bichito-platform_development" ENCODING = 'utf8'[0m
  [1m[35m (1.3ms)[0m  [1m[35mCREATE DATABASE "bichito-platform_test" ENCODING = 'utf8'[0m
  [1m[35m (1.0ms)[0m  [1m[34mSELECT pg_try_advisory_lock(3035349696571376205)[0m
  [1m[35m (1.2ms)[0m  [1m[34mSELECT "schema_migrations"."version" FROM "schema_migrations" ORDER BY "schema_migrations"."version" ASC[0m
Migrating to DeviseCreateUsers (20220317190243)
  [1m[36mTRANSACTION (0.9ms)[0m  [1m[35mBEGIN[0m
  [1m[35m (0.6ms)[0m  [1m[35mSET statement_timeout TO 3600000[0m
  [1m[35m (0.7ms)[0m  [1m[35mSET lock_timeout TO 10000[0m
  [1m[35m (7.7ms)[0m  [1m[35mCREATE TABLE "users" ("id" bigserial primary key, "email" character varying DEFAULT '' NOT NULL, "encrypted_password" character varying DEFAULT '' NOT NULL, "reset_password_token" character varying, "reset_password_sent_at" timestamp, "remember_created_at" timestamp, "created_at" timestamp(6) NOT NULL, "updated_at" timestamp(6) NOT NULL)[0m
  [1m[36mTRANSACTION (0.7ms)[0m  [1m[31mROLLBACK[0m
  [1m[35m (0.8ms)[0m  [1m[34mSELECT pg_advisory_unlock(3035349696571376205)[0m
An error has occurred, this and all later migrations canceled:

PG::DuplicateTable: ERROR:  relation "users" already exists
 excluded from capture: No host specified, no public_key specified, no project_id specified
  [1m[35m (1.7ms)[0m  [1m[35mCREATE DATABASE "bichito-platform_development" ENCODING = 'utf8'[0m
  [1m[35m (1.9ms)[0m  [1m[35mCREATE DATABASE "bichito-platform_test" ENCODING = 'utf8'[0m
  [1m[35m (1.4ms)[0m  [1m[34mSELECT "schema_migrations"."version" FROM "schema_migrations" ORDER BY "schema_migrations"."version" ASC[0m
  [1m[35m (0.8ms)[0m  [1m[34mSELECT "ar_internal_metadata"."value" FROM "ar_internal_metadata" WHERE "ar_internal_metadata"."key" = $1[0m  [["key", "environment"]]
  [1m[35m (0.8ms)[0m  [1m[34mSELECT "schema_migrations"."version" FROM "schema_migrations" ORDER BY "schema_migrations"."version" ASC[0m
  [1m[35m (0.8ms)[0m  [1m[34mSELECT "ar_internal_metadata"."value" FROM "ar_internal_metadata" WHERE "ar_internal_metadata"."key" = $1[0m  [["key", "environment"]]
  [1m[35m (0.8ms)[0m  [1m[34mSELECT "schema_migrations"."version" FROM "schema_migrations" ORDER BY "schema_migrations"."version" ASC[0m
  [1m[35m (0.7ms)[0m  [1m[34mSELECT "ar_internal_metadata"."value" FROM "ar_internal_metadata" WHERE "ar_internal_metadata"."key" = $1[0m  [["key", "environment"]]
  [1m[35m (2.3ms)[0m  [1m[34mSELECT "schema_migrations"."version" FROM "schema_migrations" ORDER BY "schema_migrations"."version" ASC[0m
  [1m[35m (1.5ms)[0m  [1m[34mSELECT "ar_internal_metadata"."value" FROM "ar_internal_metadata" WHERE "ar_internal_metadata"."key" = $1[0m  [["key", "environment"]]
  [1m[35m (3.8ms)[0m  [1m[34mSELECT "schema_migrations"."version" FROM "schema_migrations" ORDER BY "schema_migrations"."version" ASC[0m
  [1m[35m (0.9ms)[0m  [1m[34mSELECT "ar_internal_metadata"."value" FROM "ar_internal_metadata" WHERE "ar_internal_metadata"."key" = $1[0m  [["key", "environment"]]
  [1m[35m (1.1ms)[0m  [1m[34mSELECT "schema_migrations"."version" FROM "schema_migrations" ORDER BY "schema_migrations"."version" ASC[0m
  [1m[35m (1.1ms)[0m  [1m[34mSELECT "ar_internal_metadata"."value" FROM "ar_internal_metadata" WHERE "ar_internal_metadata"."key" = $1[0m  [["key", "environment"]]
  [1m[35m (125.2ms)[0m  [1m[35mDROP DATABASE IF EXISTS "bichito-platform_development"[0m
  [1m[35m (118.5ms)[0m  [1m[35mDROP DATABASE IF EXISTS "bichito-platform_test"[0m
  [1m[35m (261.1ms)[0m  [1m[35mCREATE DATABASE "bichito-platform_development" ENCODING = 'utf8'[0m
  [1m[35m (256.7ms)[0m  [1m[35mCREATE DATABASE "bichito-platform_test" ENCODING = 'utf8'[0m
  [1m[35m (8.6ms)[0m  [1m[35mCREATE TABLE "schema_migrations" ("version" character varying NOT NULL PRIMARY KEY)[0m
  [1m[35m (4.0ms)[0m  [1m[35mCREATE TABLE "ar_internal_metadata" ("key" character varying NOT NULL PRIMARY KEY, "value" character varying, "created_at" timestamp(6) NOT NULL, "updated_at" timestamp(6) NOT NULL)[0m
  [1m[35m (1.0ms)[0m  [1m[34mSELECT pg_try_advisory_lock(3035349696571376205)[0m
  [1m[35m (1.3ms)[0m  [1m[34mSELECT "schema_migrations"."version" FROM "schema_migrations" ORDER BY "schema_migrations"."version" ASC[0m
Migrating to DeviseCreateUsers (20220317190243)
  [1m[36mTRANSACTION (0.8ms)[0m  [1m[35mBEGIN[0m
  [1m[35m (0.8ms)[0m  [1m[35mSET statement_timeout TO 3600000[0m
  [1m[35m (0.9ms)[0m  [1m[35mSET lock_timeout TO 10000[0m
  [1m[35m (4.2ms)[0m  [1m[35mCREATE TABLE "users" ("id" bigserial primary key, "email" character varying DEFAULT '' NOT NULL, "encrypted_password" character varying DEFAULT '' NOT NULL, "reset_password_token" character varying, "reset_password_sent_at" timestamp, "remember_created_at" timestamp, "created_at" timestamp(6) NOT NULL, "updated_at" timestamp(6) NOT NULL)[0m
  [1m[35m (2.5ms)[0m  [1m[35mCREATE UNIQUE INDEX "index_users_on_email" ON "users" ("email")[0m
  [1m[35m (1.4ms)[0m  [1m[35mANALYZE "users"[0m
  [1m[35m (3.3ms)[0m  [1m[35mCREATE UNIQUE INDEX "index_users_on_reset_password_token" ON "users" ("reset_password_token")[0m
  [1m[35m (1.2ms)[0m  [1m[35mANALYZE "users"[0m
  [1m[36mActiveRecord::SchemaMigration Create (1.6ms)[0m  [1m[32mINSERT INTO "schema_migrations" ("version") VALUES ($1) RETURNING "version"[0m  [["version", "20220317190243"]]
  [1m[36mTRANSACTION (3.5ms)[0m  [1m[35mCOMMIT[0m
Migrating to DeviseCreateAdminUsers (20220317190433)
  [1m[36mTRANSACTION (1.4ms)[0m  [1m[35mBEGIN[0m
  [1m[35m (1.5ms)[0m  [1m[35mSET statement_timeout TO 3600000[0m
  [1m[35m (0.9ms)[0m  [1m[35mSET lock_timeout TO 10000[0m
  [1m[35m (3.6ms)[0m  [1m[35mCREATE TABLE "admin_users" ("id" bigserial primary key, "email" character varying DEFAULT '' NOT NULL, "encrypted_password" character varying DEFAULT '' NOT NULL, "reset_password_token" character varying, "reset_password_sent_at" timestamp, "remember_created_at" timestamp, "created_at" timestamp(6) NOT NULL, "updated_at" timestamp(6) NOT NULL)[0m
  [1m[35m (2.6ms)[0m  [1m[35mCREATE UNIQUE INDEX "index_admin_users_on_email" ON "admin_users" ("email")[0m
  [1m[35m (1.3ms)[0m  [1m[35mANALYZE "admin_users"[0m
  [1m[35m (4.9ms)[0m  [1m[35mCREATE UNIQUE INDEX "index_admin_users_on_reset_password_token" ON "admin_users" ("reset_password_token")[0m
  [1m[35m (1.2ms)[0m  [1m[35mANALYZE "admin_users"[0m
  [1m[36mActiveRecord::SchemaMigration Create (1.0ms)[0m  [1m[32mINSERT INTO "schema_migrations" ("version") VALUES ($1) RETURNING "version"[0m  [["version", "20220317190433"]]
  [1m[36mTRANSACTION (1.3ms)[0m  [1m[35mCOMMIT[0m
Migrating to CreateActiveAdminComments (20220317190437)
  [1m[36mTRANSACTION (1.0ms)[0m  [1m[35mBEGIN[0m
  [1m[35m (0.9ms)[0m  [1m[35mSET statement_timeout TO 3600000[0m
  [1m[35m (0.9ms)[0m  [1m[35mSET lock_timeout TO 10000[0m
  [1m[35m (4.2ms)[0m  [1m[35mCREATE TABLE "active_admin_comments" ("id" bigserial primary key, "namespace" character varying, "body" text, "resource_type" character varying, "resource_id" bigint, "author_type" character varying, "author_id" bigint, "created_at" timestamp(6) NOT NULL, "updated_at" timestamp(6) NOT NULL)[0m
  [1m[35m (2.9ms)[0m  [1m[35mCREATE INDEX "index_active_admin_comments_on_resource" ON "active_admin_comments" ("resource_type", "resource_id")[0m
  [1m[35m (2.9ms)[0m  [1m[35mCREATE INDEX "index_active_admin_comments_on_author" ON "active_admin_comments" ("author_type", "author_id")[0m
  [1m[35m (2.7ms)[0m  [1m[35mCREATE INDEX "index_active_admin_comments_on_namespace" ON "active_admin_comments" ("namespace")[0m
  [1m[35m (1.3ms)[0m  [1m[35mANALYZE "active_admin_comments"[0m
  [1m[36mActiveRecord::SchemaMigration Create (1.3ms)[0m  [1m[32mINSERT INTO "schema_migrations" ("version") VALUES ($1) RETURNING "version"[0m  [["version", "20220317190437"]]
  [1m[36mTRANSACTION (2.5ms)[0m  [1m[35mCOMMIT[0m
  [1m[36mActiveRecord::InternalMetadata Load (0.9ms)[0m  [1m[34mSELECT "ar_internal_metadata".* FROM "ar_internal_metadata" WHERE "ar_internal_metadata"."key" = $1 LIMIT $2[0m  [["key", "environment"], ["LIMIT", 1]]
  [1m[36mTRANSACTION (1.0ms)[0m  [1m[35mBEGIN[0m
  [1m[36mActiveRecord::InternalMetadata Create (1.1ms)[0m  [1m[32mINSERT INTO "ar_internal_metadata" ("key", "value", "created_at", "updated_at") VALUES ($1, $2, $3, $4) RETURNING "key"[0m  [["key", "environment"], ["value", "development"], ["created_at", "2022-03-17 19:05:46.768192"], ["updated_at", "2022-03-17 19:05:46.768192"]]
  [1m[36mTRANSACTION (2.6ms)[0m  [1m[35mCOMMIT[0m
  [1m[35m (1.2ms)[0m  [1m[34mSELECT pg_advisory_unlock(3035349696571376205)[0m
  [1m[35m (1.3ms)[0m  [1m[34mSELECT "schema_migrations"."version" FROM "schema_migrations" ORDER BY "schema_migrations"."version" ASC[0m
  [1m[35m (1.5ms)[0m  [1m[34mSELECT "schema_migrations"."version" FROM "schema_migrations" ORDER BY "schema_migrations"."version" ASC[0m
Started GET "/" for ::1 at 2022-03-17 16:06:15 -0300
  [1m[35m (1.7ms)[0m  [1m[34mSELECT "schema_migrations"."version" FROM "schema_migrations" ORDER BY "schema_migrations"."version" ASC[0m
Processing by Rails::WelcomeController#index as HTML
  Rendering /Users/nacho/.rbenv/versions/2.7.3/lib/ruby/gems/2.7.0/gems/railties-6.1.5/lib/rails/templates/rails/welcome/index.html.erb
  Rendered /Users/nacho/.rbenv/versions/2.7.3/lib/ruby/gems/2.7.0/gems/railties-6.1.5/lib/rails/templates/rails/welcome/index.html.erb (Duration: 4.6ms | Allocations: 400)
Completed 200 OK in 16ms (Views: 7.5ms | ActiveRecord: 0.0ms | Allocations: 3129)


Started GET "/admin" for ::1 at 2022-03-17 16:06:17 -0300
Processing by Admin::DashboardController#index as HTML
Completed 401 Unauthorized in 7ms (ActiveRecord: 0.0ms | Allocations: 373)


Started GET "/admin/login" for ::1 at 2022-03-17 16:06:18 -0300
Processing by ActiveAdmin::Devise::SessionsController#new as HTML
  Rendering layout /Users/nacho/.rbenv/versions/2.7.3/lib/ruby/gems/2.7.0/gems/activeadmin-2.11.0/app/views/layouts/active_admin_logged_out.html.erb
  Rendering /Users/nacho/.rbenv/versions/2.7.3/lib/ruby/gems/2.7.0/gems/activeadmin-2.11.0/app/views/active_admin/devise/sessions/new.html.erb within layouts/active_admin_logged_out
  Rendered /Users/nacho/.rbenv/versions/2.7.3/lib/ruby/gems/2.7.0/gems/activeadmin-2.11.0/app/views/active_admin/devise/shared/_links.erb (Duration: 1.0ms | Allocations: 581)
  Rendered /Users/nacho/.rbenv/versions/2.7.3/lib/ruby/gems/2.7.0/gems/activeadmin-2.11.0/app/views/active_admin/devise/sessions/new.html.erb within layouts/active_admin_logged_out (Duration: 17.8ms | Allocations: 14991)
  Rendered layout /Users/nacho/.rbenv/versions/2.7.3/lib/ruby/gems/2.7.0/gems/activeadmin-2.11.0/app/views/layouts/active_admin_logged_out.html.erb (Duration: 23.4ms | Allocations: 19051)
Completed 200 OK in 65ms (Views: 36.0ms | ActiveRecord: 11.2ms | Allocations: 25209)


Started POST "/admin/login" for ::1 at 2022-03-17 16:06:21 -0300
Processing by ActiveAdmin::Devise::SessionsController#create as HTML
  Parameters: {"authenticity_token"=>"[FILTERED]", "admin_user"=>{"email"=>"admin@example.com", "password"=>"[FILTERED]", "remember_me"=>"0"}, "commit"=>"Iniciar Sesión"}
  [1m[36mAdminUser Load (4.2ms)[0m  [1m[34mSELECT "admin_users".* FROM "admin_users" WHERE "admin_users"."email" = $1 ORDER BY "admin_users"."id" ASC LIMIT $2[0m  [["email", "admin@example.com"], ["LIMIT", 1]]
Completed 401 Unauthorized in 20ms (ActiveRecord: 5.9ms | Allocations: 2070)


Processing by ActiveAdmin::Devise::SessionsController#new as HTML
  Parameters: {"authenticity_token"=>"[FILTERED]", "admin_user"=>{"email"=>"admin@example.com", "password"=>"[FILTERED]", "remember_me"=>"0"}, "commit"=>"Iniciar Sesión"}
  Rendering layout /Users/nacho/.rbenv/versions/2.7.3/lib/ruby/gems/2.7.0/gems/activeadmin-2.11.0/app/views/layouts/active_admin_logged_out.html.erb
  Rendering /Users/nacho/.rbenv/versions/2.7.3/lib/ruby/gems/2.7.0/gems/activeadmin-2.11.0/app/views/active_admin/devise/sessions/new.html.erb within layouts/active_admin_logged_out
  Rendered /Users/nacho/.rbenv/versions/2.7.3/lib/ruby/gems/2.7.0/gems/activeadmin-2.11.0/app/views/active_admin/devise/shared/_links.erb (Duration: 0.2ms | Allocations: 108)
  Rendered /Users/nacho/.rbenv/versions/2.7.3/lib/ruby/gems/2.7.0/gems/activeadmin-2.11.0/app/views/active_admin/devise/sessions/new.html.erb within layouts/active_admin_logged_out (Duration: 4.2ms | Allocations: 10751)
  Rendered layout /Users/nacho/.rbenv/versions/2.7.3/lib/ruby/gems/2.7.0/gems/activeadmin-2.11.0/app/views/layouts/active_admin_logged_out.html.erb (Duration: 6.7ms | Allocations: 14180)
Completed 200 OK in 300ms (Views: 7.0ms | ActiveRecord: 0.0ms | Allocations: 15679)


Started POST "/admin/login" for ::1 at 2022-03-17 16:06:25 -0300
Processing by ActiveAdmin::Devise::SessionsController#create as HTML
  Parameters: {"authenticity_token"=>"[FILTERED]", "admin_user"=>{"email"=>"admin@example.com", "password"=>"[FILTERED]", "remember_me"=>"1"}, "commit"=>"Iniciar Sesión"}
  [1m[36mAdminUser Load (4.1ms)[0m  [1m[34mSELECT "admin_users".* FROM "admin_users" WHERE "admin_users"."email" = $1 ORDER BY "admin_users"."id" ASC LIMIT $2[0m  [["email", "admin@example.com"], ["LIMIT", 1]]
Completed 401 Unauthorized in 24ms (ActiveRecord: 4.1ms | Allocations: 1402)


Processing by ActiveAdmin::Devise::SessionsController#new as HTML
  Parameters: {"authenticity_token"=>"[FILTERED]", "admin_user"=>{"email"=>"admin@example.com", "password"=>"[FILTERED]", "remember_me"=>"1"}, "commit"=>"Iniciar Sesión"}
  Rendering layout /Users/nacho/.rbenv/versions/2.7.3/lib/ruby/gems/2.7.0/gems/activeadmin-2.11.0/app/views/layouts/active_admin_logged_out.html.erb
  Rendering /Users/nacho/.rbenv/versions/2.7.3/lib/ruby/gems/2.7.0/gems/activeadmin-2.11.0/app/views/active_admin/devise/sessions/new.html.erb within layouts/active_admin_logged_out
  Rendered /Users/nacho/.rbenv/versions/2.7.3/lib/ruby/gems/2.7.0/gems/activeadmin-2.11.0/app/views/active_admin/devise/shared/_links.erb (Duration: 0.2ms | Allocations: 105)
  Rendered /Users/nacho/.rbenv/versions/2.7.3/lib/ruby/gems/2.7.0/gems/activeadmin-2.11.0/app/views/active_admin/devise/sessions/new.html.erb within layouts/active_admin_logged_out (Duration: 6.6ms | Allocations: 9659)
  Rendered layout /Users/nacho/.rbenv/versions/2.7.3/lib/ruby/gems/2.7.0/gems/activeadmin-2.11.0/app/views/layouts/active_admin_logged_out.html.erb (Duration: 9.9ms | Allocations: 13088)
Completed 200 OK in 291ms (Views: 10.7ms | ActiveRecord: 0.0ms | Allocations: 13577)


Started POST "/admin/login" for ::1 at 2022-03-17 16:06:28 -0300
Processing by ActiveAdmin::Devise::SessionsController#create as HTML
  Parameters: {"authenticity_token"=>"[FILTERED]", "admin_user"=>{"email"=>"admin@example.com", "password"=>"[FILTERED]", "remember_me"=>"1"}, "commit"=>"Iniciar Sesión"}
  [1m[36mAdminUser Load (4.8ms)[0m  [1m[34mSELECT "admin_users".* FROM "admin_users" WHERE "admin_users"."email" = $1 ORDER BY "admin_users"."id" ASC LIMIT $2[0m  [["email", "admin@example.com"], ["LIMIT", 1]]
Completed 401 Unauthorized in 16ms (ActiveRecord: 4.8ms | Allocations: 1414)


Processing by ActiveAdmin::Devise::SessionsController#new as HTML
  Parameters: {"authenticity_token"=>"[FILTERED]", "admin_user"=>{"email"=>"admin@example.com", "password"=>"[FILTERED]", "remember_me"=>"1"}, "commit"=>"Iniciar Sesión"}
  Rendering layout /Users/nacho/.rbenv/versions/2.7.3/lib/ruby/gems/2.7.0/gems/activeadmin-2.11.0/app/views/layouts/active_admin_logged_out.html.erb
  Rendering /Users/nacho/.rbenv/versions/2.7.3/lib/ruby/gems/2.7.0/gems/activeadmin-2.11.0/app/views/active_admin/devise/sessions/new.html.erb within layouts/active_admin_logged_out
  Rendered /Users/nacho/.rbenv/versions/2.7.3/lib/ruby/gems/2.7.0/gems/activeadmin-2.11.0/app/views/active_admin/devise/shared/_links.erb (Duration: 0.1ms | Allocations: 105)
  Rendered /Users/nacho/.rbenv/versions/2.7.3/lib/ruby/gems/2.7.0/gems/activeadmin-2.11.0/app/views/active_admin/devise/sessions/new.html.erb within layouts/active_admin_logged_out (Duration: 2.8ms | Allocations: 9651)
  Rendered layout /Users/nacho/.rbenv/versions/2.7.3/lib/ruby/gems/2.7.0/gems/activeadmin-2.11.0/app/views/layouts/active_admin_logged_out.html.erb (Duration: 5.4ms | Allocations: 13080)
Completed 200 OK in 290ms (Views: 5.7ms | ActiveRecord: 0.0ms | Allocations: 13568)


  [1m[36mTRANSACTION (2.3ms)[0m  [1m[35mBEGIN[0m
  [1m[36mAdminUser Exists? (3.3ms)[0m  [1m[34mSELECT 1 AS one FROM "admin_users" WHERE "admin_users"."email" = $1 LIMIT $2[0m  [["email", "admin@example.com"], ["LIMIT", 1]]
  [1m[36mAdminUser Create (5.9ms)[0m  [1m[32mINSERT INTO "admin_users" ("email", "encrypted_password", "created_at", "updated_at") VALUES ($1, $2, $3, $4) RETURNING "id"[0m  [["email", "admin@example.com"], ["encrypted_password", "$2a$12$R8tMnH/ghV.g3acfCiuOL.2dkp3Lpoq3Fa5kPm5V/Q1D6pu7IONcW"], ["created_at", "2022-03-17 19:06:49.502101"], ["updated_at", "2022-03-17 19:06:49.502101"]]
  [1m[36mTRANSACTION (6.9ms)[0m  [1m[35mCOMMIT[0m
Started POST "/admin/login" for ::1 at 2022-03-17 16:06:53 -0300
Processing by ActiveAdmin::Devise::SessionsController#create as HTML
  Parameters: {"authenticity_token"=>"[FILTERED]", "admin_user"=>{"email"=>"admin@example.com", "password"=>"[FILTERED]", "remember_me"=>"1"}, "commit"=>"Iniciar Sesión"}
  [1m[36mAdminUser Load (6.1ms)[0m  [1m[34mSELECT "admin_users".* FROM "admin_users" WHERE "admin_users"."email" = $1 ORDER BY "admin_users"."id" ASC LIMIT $2[0m  [["email", "admin@example.com"], ["LIMIT", 1]]
  [1m[36mTRANSACTION (7.1ms)[0m  [1m[35mBEGIN[0m
  [1m[36mAdminUser Update (4.8ms)[0m  [1m[33mUPDATE "admin_users" SET "remember_created_at" = $1, "updated_at" = $2 WHERE "admin_users"."id" = $3[0m  [["remember_created_at", "2022-03-17 19:06:54.256094"], ["updated_at", "2022-03-17 19:06:54.256719"], ["id", 1]]
  [1m[36mTRANSACTION (6.2ms)[0m  [1m[35mCOMMIT[0m
Redirected to http://localhost:3000/admin
Completed 302 Found in 353ms (ActiveRecord: 24.2ms | Allocations: 13687)


Started GET "/admin" for ::1 at 2022-03-17 16:06:54 -0300
Processing by Admin::DashboardController#index as HTML
  [1m[36mAdminUser Load (1.8ms)[0m  [1m[34mSELECT "admin_users".* FROM "admin_users" WHERE "admin_users"."id" = $1 ORDER BY "admin_users"."id" ASC LIMIT $2[0m  [["id", 1], ["LIMIT", 1]]
  Rendering /Users/nacho/.rbenv/versions/2.7.3/lib/ruby/gems/2.7.0/gems/activeadmin-2.11.0/app/views/active_admin/page/index.html.arb
  Rendered /Users/nacho/.rbenv/versions/2.7.3/lib/ruby/gems/2.7.0/gems/activeadmin-2.11.0/app/views/active_admin/page/index.html.arb (Duration: 27.8ms | Allocations: 11777)
Completed 200 OK in 42ms (Views: 16.4ms | ActiveRecord: 14.6ms | Allocations: 15023)


Started GET "/admin/admin_users" for ::1 at 2022-03-17 16:06:55 -0300
Processing by Admin::AdminUsersController#index as HTML
  [1m[36mAdminUser Load (3.3ms)[0m  [1m[34mSELECT "admin_users".* FROM "admin_users" WHERE "admin_users"."id" = $1 ORDER BY "admin_users"."id" ASC LIMIT $2[0m  [["id", 1], ["LIMIT", 1]]
  Rendering /Users/nacho/.rbenv/versions/2.7.3/lib/ruby/gems/2.7.0/gems/activeadmin-2.11.0/app/views/active_admin/resource/index.html.arb
  [1m[36mAdminUser Load (3.5ms)[0m  [1m[34mSELECT "admin_users".* FROM "admin_users" ORDER BY "admin_users"."id" desc LIMIT $1 OFFSET $2[0m  [["LIMIT", 30], ["OFFSET", 0]]
  Rendered /Users/nacho/.rbenv/versions/2.7.3/lib/ruby/gems/2.7.0/gems/activeadmin-2.11.0/app/views/active_admin/resource/index.html.arb (Duration: 35.4ms | Allocations: 23441)
Completed 200 OK in 62ms (Views: 36.9ms | ActiveRecord: 6.9ms | Allocations: 27342)


Started GET "/admin/comments" for ::1 at 2022-03-17 16:06:56 -0300
Processing by Admin::CommentsController#index as HTML
  [1m[36mAdminUser Load (4.5ms)[0m  [1m[34mSELECT "admin_users".* FROM "admin_users" WHERE "admin_users"."id" = $1 ORDER BY "admin_users"."id" ASC LIMIT $2[0m  [["id", 1], ["LIMIT", 1]]
  Rendering /Users/nacho/.rbenv/versions/2.7.3/lib/ruby/gems/2.7.0/gems/activeadmin-2.11.0/app/views/active_admin/resource/index.html.arb
  [1m[35m (5.8ms)[0m  [1m[34mSELECT COUNT(*) FROM "active_admin_comments" WHERE "active_admin_comments"."namespace" = $1[0m  [["namespace", "admin"]]
  [1m[36mActiveAdmin::Comment Load (4.4ms)[0m  [1m[34mSELECT "active_admin_comments".* FROM "active_admin_comments" WHERE "active_admin_comments"."namespace" = $1 ORDER BY "active_admin_comments"."id" desc LIMIT $2 OFFSET $3[0m  [["namespace", "admin"], ["LIMIT", 30], ["OFFSET", 0]]
  [1m[35m (3.0ms)[0m  [1m[34mSELECT DISTINCT "active_admin_comments"."resource_type" FROM "active_admin_comments" ORDER BY resource_type asc[0m
  [1m[35m (3.5ms)[0m  [1m[34mSELECT DISTINCT "active_admin_comments"."author_type" FROM "active_admin_comments" ORDER BY author_type asc[0m
  Rendered /Users/nacho/.rbenv/versions/2.7.3/lib/ruby/gems/2.7.0/gems/activeadmin-2.11.0/app/views/active_admin/resource/index.html.arb (Duration: 67.5ms | Allocations: 26920)
Completed 200 OK in 85ms (Views: 53.7ms | ActiveRecord: 21.1ms | Allocations: 29910)


Started GET "/admin/dashboard" for ::1 at 2022-03-17 16:06:56 -0300
Processing by Admin::DashboardController#index as HTML
  [1m[36mAdminUser Load (4.3ms)[0m  [1m[34mSELECT "admin_users".* FROM "admin_users" WHERE "admin_users"."id" = $1 ORDER BY "admin_users"."id" ASC LIMIT $2[0m  [["id", 1], ["LIMIT", 1]]
  Rendering /Users/nacho/.rbenv/versions/2.7.3/lib/ruby/gems/2.7.0/gems/activeadmin-2.11.0/app/views/active_admin/page/index.html.arb
  Rendered /Users/nacho/.rbenv/versions/2.7.3/lib/ruby/gems/2.7.0/gems/activeadmin-2.11.0/app/views/active_admin/page/index.html.arb (Duration: 11.9ms | Allocations: 7153)
Completed 200 OK in 28ms (Views: 12.5ms | ActiveRecord: 4.3ms | Allocations: 8748)


Started GET "/admin/dashboard" for ::1 at 2022-03-17 16:07:26 -0300
Processing by Admin::DashboardController#index as HTML
  [1m[36mAdminUser Load (6.6ms)[0m  [1m[34mSELECT "admin_users".* FROM "admin_users" WHERE "admin_users"."id" = $1 ORDER BY "admin_users"."id" ASC LIMIT $2[0m  [["id", 1], ["LIMIT", 1]]
  Rendering /Users/nacho/.rbenv/versions/2.7.3/lib/ruby/gems/2.7.0/gems/activeadmin-2.11.0/app/views/active_admin/page/index.html.arb
  Rendered /Users/nacho/.rbenv/versions/2.7.3/lib/ruby/gems/2.7.0/gems/activeadmin-2.11.0/app/views/active_admin/page/index.html.arb (Duration: 3.7ms | Allocations: 3147)
Completed 500 Internal Server Error in 31ms (ActiveRecord: 6.6ms | Allocations: 4711)



Webpacker::Manifest::MissingEntryError - Webpacker can't find active_admin.css in /Users/nacho/Desktop/platanus/bichito-platform/public/packs/manifest.json. Possible causes:
1. You forgot to install node packages (try `yarn install`) or are running an incompatible version of Node
2. Your app has code with a non-standard extension (like a `.jsx` file) but the extension is not in the `extensions` config in `config/webpacker.yml`
3. You have set compile: false (see `config/webpacker.yml`) for this environment
   (unless you are using the `bin/webpacker -w` or the `bin/webpacker-dev-server`, in which case maybe you aren't running the dev server in the background?)
4. webpack has not yet re-run to reflect updates.
5. You have misconfigured Webpacker's `config/webpacker.yml` file.
6. Your webpack configuration is not creating a manifest.
Your manifest contains:
{
  "entrypoints": {
    "active_admin": {
      "assets": {
        "js": [
          "/packs/js/runtime.js"
        ]
      }
    },
    "application": {
      "assets": {
        "js": [
          "/packs/js/runtime.js"
        ]
      }
    }
  },
  "runtime.js": "/packs/js/runtime.js"
}:

Started POST "/__better_errors/4a751bba9e31d977/variables" for ::1 at 2022-03-17 16:07:26 -0300
  [1m[35m (73.4ms)[0m  [1m[35mCREATE DATABASE "bichito-platform_development" ENCODING = 'utf8'[0m
  [1m[35m (23.5ms)[0m  [1m[35mCREATE DATABASE "bichito-platform_test" ENCODING = 'utf8'[0m
  [1m[35mSQL (0.4ms)[0m  [1m[35mCREATE EXTENSION IF NOT EXISTS "plpgsql"[0m
  [1m[35m (0.4ms)[0m  [1m[35mDROP TABLE IF EXISTS "active_admin_comments" CASCADE[0m
  [1m[35m (3.5ms)[0m  [1m[35mCREATE TABLE "active_admin_comments" ("id" bigserial primary key, "namespace" character varying, "body" text, "resource_type" character varying, "resource_id" bigint, "author_type" character varying, "author_id" bigint, "created_at" timestamp(6) NOT NULL, "updated_at" timestamp(6) NOT NULL)[0m
  [1m[35m (0.5ms)[0m  [1m[35mCREATE INDEX "index_active_admin_comments_on_author" ON "active_admin_comments" ("author_type", "author_id")[0m
  [1m[35m (0.4ms)[0m  [1m[35mCREATE INDEX "index_active_admin_comments_on_namespace" ON "active_admin_comments" ("namespace")[0m
  [1m[35m (0.3ms)[0m  [1m[35mCREATE INDEX "index_active_admin_comments_on_resource" ON "active_admin_comments" ("resource_type", "resource_id")[0m
  [1m[35m (0.2ms)[0m  [1m[35mDROP TABLE IF EXISTS "admin_users" CASCADE[0m
  [1m[35m (1.2ms)[0m  [1m[35mCREATE TABLE "admin_users" ("id" bigserial primary key, "email" character varying DEFAULT '' NOT NULL, "encrypted_password" character varying DEFAULT '' NOT NULL, "reset_password_token" character varying, "reset_password_sent_at" timestamp, "remember_created_at" timestamp, "created_at" timestamp(6) NOT NULL, "updated_at" timestamp(6) NOT NULL)[0m
  [1m[35m (0.9ms)[0m  [1m[35mCREATE UNIQUE INDEX "index_admin_users_on_email" ON "admin_users" ("email")[0m
  [1m[35m (0.3ms)[0m  [1m[35mCREATE UNIQUE INDEX "index_admin_users_on_reset_password_token" ON "admin_users" ("reset_password_token")[0m
  [1m[35m (0.2ms)[0m  [1m[35mDROP TABLE IF EXISTS "users" CASCADE[0m
  [1m[35m (1.0ms)[0m  [1m[35mCREATE TABLE "users" ("id" bigserial primary key, "email" character varying DEFAULT '' NOT NULL, "encrypted_password" character varying DEFAULT '' NOT NULL, "reset_password_token" character varying, "reset_password_sent_at" timestamp, "remember_created_at" timestamp, "created_at" timestamp(6) NOT NULL, "updated_at" timestamp(6) NOT NULL)[0m
  [1m[35m (0.3ms)[0m  [1m[35mCREATE UNIQUE INDEX "index_users_on_email" ON "users" ("email")[0m
  [1m[35m (0.3ms)[0m  [1m[35mCREATE UNIQUE INDEX "index_users_on_reset_password_token" ON "users" ("reset_password_token")[0m
  [1m[35m (0.8ms)[0m  [1m[35mCREATE TABLE "schema_migrations" ("version" character varying NOT NULL PRIMARY KEY)[0m
  [1m[35m (0.2ms)[0m  [1m[34mSELECT "schema_migrations"."version" FROM "schema_migrations" ORDER BY "schema_migrations"."version" ASC[0m
  [1m[35m (0.2ms)[0m  [1m[32mINSERT INTO "schema_migrations" (version) VALUES (20220317190437)[0m
  [1m[35m (0.1ms)[0m  [1m[32mINSERT INTO "schema_migrations" (version) VALUES
(20220317190243),
(20220317190433);

[0m
  [1m[35m (0.8ms)[0m  [1m[35mCREATE TABLE "ar_internal_metadata" ("key" character varying NOT NULL PRIMARY KEY, "value" character varying, "created_at" timestamp(6) NOT NULL, "updated_at" timestamp(6) NOT NULL)[0m
  [1m[36mActiveRecord::InternalMetadata Load (0.1ms)[0m  [1m[34mSELECT "ar_internal_metadata".* FROM "ar_internal_metadata" WHERE "ar_internal_metadata"."key" = $1 LIMIT $2[0m  [["key", "environment"], ["LIMIT", 1]]
  [1m[36mTRANSACTION (0.1ms)[0m  [1m[35mBEGIN[0m
  [1m[36mActiveRecord::InternalMetadata Create (0.3ms)[0m  [1m[32mINSERT INTO "ar_internal_metadata" ("key", "value", "created_at", "updated_at") VALUES ($1, $2, $3, $4) RETURNING "key"[0m  [["key", "environment"], ["value", "development"], ["created_at", "2022-03-17 20:36:27.637520"], ["updated_at", "2022-03-17 20:36:27.637520"]]
  [1m[36mTRANSACTION (0.1ms)[0m  [1m[35mCOMMIT[0m
  [1m[36mActiveRecord::InternalMetadata Load (0.1ms)[0m  [1m[34mSELECT "ar_internal_metadata".* FROM "ar_internal_metadata" WHERE "ar_internal_metadata"."key" = $1 LIMIT $2[0m  [["key", "environment"], ["LIMIT", 1]]
  [1m[36mActiveRecord::InternalMetadata Load (0.2ms)[0m  [1m[34mSELECT "ar_internal_metadata".* FROM "ar_internal_metadata" WHERE "ar_internal_metadata"."key" = $1 LIMIT $2[0m  [["key", "schema_sha1"], ["LIMIT", 1]]
  [1m[36mTRANSACTION (0.2ms)[0m  [1m[35mBEGIN[0m
  [1m[36mActiveRecord::InternalMetadata Create (0.2ms)[0m  [1m[32mINSERT INTO "ar_internal_metadata" ("key", "value", "created_at", "updated_at") VALUES ($1, $2, $3, $4) RETURNING "key"[0m  [["key", "schema_sha1"], ["value", "ea5f2ec82114bd68765b0029cc37362c4dd4f87b"], ["created_at", "2022-03-17 20:36:27.640963"], ["updated_at", "2022-03-17 20:36:27.640963"]]
  [1m[36mTRANSACTION (0.2ms)[0m  [1m[35mCOMMIT[0m
  [1m[35mSQL (0.3ms)[0m  [1m[35mCREATE EXTENSION IF NOT EXISTS "plpgsql"[0m
  [1m[35m (0.2ms)[0m  [1m[35mDROP TABLE IF EXISTS "active_admin_comments" CASCADE[0m
  [1m[35m (2.0ms)[0m  [1m[35mCREATE TABLE "active_admin_comments" ("id" bigserial primary key, "namespace" character varying, "body" text, "resource_type" character varying, "resource_id" bigint, "author_type" character varying, "author_id" bigint, "created_at" timestamp(6) NOT NULL, "updated_at" timestamp(6) NOT NULL)[0m
  [1m[35m (0.4ms)[0m  [1m[35mCREATE INDEX "index_active_admin_comments_on_author" ON "active_admin_comments" ("author_type", "author_id")[0m
  [1m[35m (0.4ms)[0m  [1m[35mCREATE INDEX "index_active_admin_comments_on_namespace" ON "active_admin_comments" ("namespace")[0m
  [1m[35m (0.4ms)[0m  [1m[35mCREATE INDEX "index_active_admin_comments_on_resource" ON "active_admin_comments" ("resource_type", "resource_id")[0m
  [1m[35m (0.2ms)[0m  [1m[35mDROP TABLE IF EXISTS "admin_users" CASCADE[0m
  [1m[35m (1.0ms)[0m  [1m[35mCREATE TABLE "admin_users" ("id" bigserial primary key, "email" character varying DEFAULT '' NOT NULL, "encrypted_password" character varying DEFAULT '' NOT NULL, "reset_password_token" character varying, "reset_password_sent_at" timestamp, "remember_created_at" timestamp, "created_at" timestamp(6) NOT NULL, "updated_at" timestamp(6) NOT NULL)[0m
  [1m[35m (0.3ms)[0m  [1m[35mCREATE UNIQUE INDEX "index_admin_users_on_email" ON "admin_users" ("email")[0m
  [1m[35m (0.3ms)[0m  [1m[35mCREATE UNIQUE INDEX "index_admin_users_on_reset_password_token" ON "admin_users" ("reset_password_token")[0m
  [1m[35m (0.1ms)[0m  [1m[35mDROP TABLE IF EXISTS "users" CASCADE[0m
  [1m[35m (0.8ms)[0m  [1m[35mCREATE TABLE "users" ("id" bigserial primary key, "email" character varying DEFAULT '' NOT NULL, "encrypted_password" character varying DEFAULT '' NOT NULL, "reset_password_token" character varying, "reset_password_sent_at" timestamp, "remember_created_at" timestamp, "created_at" timestamp(6) NOT NULL, "updated_at" timestamp(6) NOT NULL)[0m
  [1m[35m (0.3ms)[0m  [1m[35mCREATE UNIQUE INDEX "index_users_on_email" ON "users" ("email")[0m
  [1m[35m (0.3ms)[0m  [1m[35mCREATE UNIQUE INDEX "index_users_on_reset_password_token" ON "users" ("reset_password_token")[0m
  [1m[35m (0.7ms)[0m  [1m[35mCREATE TABLE "schema_migrations" ("version" character varying NOT NULL PRIMARY KEY)[0m
  [1m[35m (0.3ms)[0m  [1m[34mSELECT "schema_migrations"."version" FROM "schema_migrations" ORDER BY "schema_migrations"."version" ASC[0m
  [1m[35m (0.3ms)[0m  [1m[32mINSERT INTO "schema_migrations" (version) VALUES (20220317190437)[0m
  [1m[35m (0.2ms)[0m  [1m[32mINSERT INTO "schema_migrations" (version) VALUES
(20220317190243),
(20220317190433);

[0m
  [1m[35m (0.7ms)[0m  [1m[35mCREATE TABLE "ar_internal_metadata" ("key" character varying NOT NULL PRIMARY KEY, "value" character varying, "created_at" timestamp(6) NOT NULL, "updated_at" timestamp(6) NOT NULL)[0m
  [1m[36mActiveRecord::InternalMetadata Load (0.2ms)[0m  [1m[34mSELECT "ar_internal_metadata".* FROM "ar_internal_metadata" WHERE "ar_internal_metadata"."key" = $1 LIMIT $2[0m  [["key", "environment"], ["LIMIT", 1]]
  [1m[36mTRANSACTION (0.2ms)[0m  [1m[35mBEGIN[0m
  [1m[36mActiveRecord::InternalMetadata Create (0.3ms)[0m  [1m[32mINSERT INTO "ar_internal_metadata" ("key", "value", "created_at", "updated_at") VALUES ($1, $2, $3, $4) RETURNING "key"[0m  [["key", "environment"], ["value", "development"], ["created_at", "2022-03-17 20:36:27.668387"], ["updated_at", "2022-03-17 20:36:27.668387"]]
  [1m[36mTRANSACTION (0.2ms)[0m  [1m[35mCOMMIT[0m
  [1m[36mActiveRecord::InternalMetadata Load (0.2ms)[0m  [1m[34mSELECT "ar_internal_metadata".* FROM "ar_internal_metadata" WHERE "ar_internal_metadata"."key" = $1 LIMIT $2[0m  [["key", "environment"], ["LIMIT", 1]]
  [1m[36mTRANSACTION (0.2ms)[0m  [1m[35mBEGIN[0m
  [1m[36mActiveRecord::InternalMetadata Update (0.2ms)[0m  [1m[33mUPDATE "ar_internal_metadata" SET "value" = $1, "updated_at" = $2 WHERE "ar_internal_metadata"."key" = $3[0m  [["value", "test"], ["updated_at", "2022-03-17 20:36:27.670929"], ["key", "environment"]]
  [1m[36mTRANSACTION (0.2ms)[0m  [1m[35mCOMMIT[0m
  [1m[36mActiveRecord::InternalMetadata Load (0.2ms)[0m  [1m[34mSELECT "ar_internal_metadata".* FROM "ar_internal_metadata" WHERE "ar_internal_metadata"."key" = $1 LIMIT $2[0m  [["key", "schema_sha1"], ["LIMIT", 1]]
  [1m[36mTRANSACTION (0.1ms)[0m  [1m[35mBEGIN[0m
  [1m[36mActiveRecord::InternalMetadata Create (0.1ms)[0m  [1m[32mINSERT INTO "ar_internal_metadata" ("key", "value", "created_at", "updated_at") VALUES ($1, $2, $3, $4) RETURNING "key"[0m  [["key", "schema_sha1"], ["value", "ea5f2ec82114bd68765b0029cc37362c4dd4f87b"], ["created_at", "2022-03-17 20:36:27.673305"], ["updated_at", "2022-03-17 20:36:27.673305"]]
  [1m[36mTRANSACTION (0.1ms)[0m  [1m[35mCOMMIT[0m
  [1m[35m (0.3ms)[0m  [1m[34mSELECT "schema_migrations"."version" FROM "schema_migrations" ORDER BY "schema_migrations"."version" ASC[0m
  [1m[36mAdminUser Load (0.3ms)[0m  [1m[34mSELECT "admin_users".* FROM "admin_users" WHERE "admin_users"."email" = $1 LIMIT $2[0m  [["email", "admin@example.com"], ["LIMIT", 1]]
  ↳ lib/fake_data_loader.rb:37:in `load_admin'
  [1m[36mTRANSACTION (0.2ms)[0m  [1m[35mBEGIN[0m
  ↳ lib/fake_data_loader.rb:38:in `load_admin'
  [1m[36mAdminUser Exists? (0.2ms)[0m  [1m[34mSELECT 1 AS one FROM "admin_users" WHERE "admin_users"."email" = $1 LIMIT $2[0m  [["email", "admin@example.com"], ["LIMIT", 1]]
  ↳ lib/fake_data_loader.rb:38:in `load_admin'
  [1m[36mAdminUser Create (0.3ms)[0m  [1m[32mINSERT INTO "admin_users" ("email", "encrypted_password", "created_at", "updated_at") VALUES ($1, $2, $3, $4) RETURNING "id"[0m  [["email", "admin@example.com"], ["encrypted_password", "$2a$12$hVm83r9xMXH3O5tcc1vX0O75nfy8S8hp.xf3cKkrZY6hSem2c5nYK"], ["created_at", "2022-03-17 20:36:27.958167"], ["updated_at", "2022-03-17 20:36:27.958167"]]
  ↳ lib/fake_data_loader.rb:38:in `load_admin'
  [1m[36mTRANSACTION (0.5ms)[0m  [1m[35mCOMMIT[0m
  ↳ lib/fake_data_loader.rb:38:in `load_admin'
Started GET "/" for ::1 at 2022-03-17 17:36:52 -0300
  [1m[35m (0.3ms)[0m  [1m[34mSELECT "schema_migrations"."version" FROM "schema_migrations" ORDER BY "schema_migrations"."version" ASC[0m
Processing by Rails::WelcomeController#index as HTML
  Rendering /Users/tamaralues/.rbenv/versions/2.7.3/lib/ruby/gems/2.7.0/gems/railties-6.1.5/lib/rails/templates/rails/welcome/index.html.erb
  Rendered /Users/tamaralues/.rbenv/versions/2.7.3/lib/ruby/gems/2.7.0/gems/railties-6.1.5/lib/rails/templates/rails/welcome/index.html.erb (Duration: 5.0ms | Allocations: 400)
Completed 200 OK in 13ms (Views: 7.1ms | ActiveRecord: 0.0ms | Allocations: 3129)


  [1m[35m (1.2ms)[0m  [1m[35mCREATE DATABASE "bichito-platform_development" ENCODING = 'utf8'[0m
  [1m[35m (0.4ms)[0m  [1m[35mCREATE DATABASE "bichito-platform_test" ENCODING = 'utf8'[0m
  [1m[35m (0.6ms)[0m  [1m[34mSELECT "schema_migrations"."version" FROM "schema_migrations" ORDER BY "schema_migrations"."version" ASC[0m
  [1m[35m (0.2ms)[0m  [1m[34mSELECT "ar_internal_metadata"."value" FROM "ar_internal_metadata" WHERE "ar_internal_metadata"."key" = $1[0m  [["key", "environment"]]
  [1m[35m (0.1ms)[0m  [1m[34mSELECT "schema_migrations"."version" FROM "schema_migrations" ORDER BY "schema_migrations"."version" ASC[0m
  [1m[35m (0.3ms)[0m  [1m[34mSELECT "ar_internal_metadata"."value" FROM "ar_internal_metadata" WHERE "ar_internal_metadata"."key" = $1[0m  [["key", "environment"]]
  [1m[35m (0.1ms)[0m  [1m[34mSELECT "schema_migrations"."version" FROM "schema_migrations" ORDER BY "schema_migrations"."version" ASC[0m
  [1m[35m (0.4ms)[0m  [1m[34mSELECT "ar_internal_metadata"."value" FROM "ar_internal_metadata" WHERE "ar_internal_metadata"."key" = $1[0m  [["key", "environment"]]
  [1m[35mSQL (0.2ms)[0m  [1m[35mCREATE EXTENSION IF NOT EXISTS "plpgsql"[0m
  [1m[35m (3.1ms)[0m  [1m[35mDROP TABLE IF EXISTS "active_admin_comments" CASCADE[0m
  [1m[35m (2.1ms)[0m  [1m[35mCREATE TABLE "active_admin_comments" ("id" bigserial primary key, "namespace" character varying, "body" text, "resource_type" character varying, "resource_id" bigint, "author_type" character varying, "author_id" bigint, "created_at" timestamp(6) NOT NULL, "updated_at" timestamp(6) NOT NULL)[0m
  [1m[35m (0.4ms)[0m  [1m[35mCREATE INDEX "index_active_admin_comments_on_author" ON "active_admin_comments" ("author_type", "author_id")[0m
  [1m[35m (0.4ms)[0m  [1m[35mCREATE INDEX "index_active_admin_comments_on_namespace" ON "active_admin_comments" ("namespace")[0m
  [1m[35m (0.3ms)[0m  [1m[35mCREATE INDEX "index_active_admin_comments_on_resource" ON "active_admin_comments" ("resource_type", "resource_id")[0m
  [1m[35m (1.0ms)[0m  [1m[35mDROP TABLE IF EXISTS "admin_users" CASCADE[0m
  [1m[35m (1.2ms)[0m  [1m[35mCREATE TABLE "admin_users" ("id" bigserial primary key, "email" character varying DEFAULT '' NOT NULL, "encrypted_password" character varying DEFAULT '' NOT NULL, "reset_password_token" character varying, "reset_password_sent_at" timestamp, "remember_created_at" timestamp, "created_at" timestamp(6) NOT NULL, "updated_at" timestamp(6) NOT NULL)[0m
  [1m[35m (0.5ms)[0m  [1m[35mCREATE UNIQUE INDEX "index_admin_users_on_email" ON "admin_users" ("email")[0m
  [1m[35m (0.3ms)[0m  [1m[35mCREATE UNIQUE INDEX "index_admin_users_on_reset_password_token" ON "admin_users" ("reset_password_token")[0m
  [1m[35m (1.0ms)[0m  [1m[35mDROP TABLE IF EXISTS "users" CASCADE[0m
  [1m[35m (1.0ms)[0m  [1m[35mCREATE TABLE "users" ("id" bigserial primary key, "email" character varying DEFAULT '' NOT NULL, "encrypted_password" character varying DEFAULT '' NOT NULL, "reset_password_token" character varying, "reset_password_sent_at" timestamp, "remember_created_at" timestamp, "created_at" timestamp(6) NOT NULL, "updated_at" timestamp(6) NOT NULL)[0m
  [1m[35m (0.5ms)[0m  [1m[35mCREATE UNIQUE INDEX "index_users_on_email" ON "users" ("email")[0m
  [1m[35m (0.3ms)[0m  [1m[35mCREATE UNIQUE INDEX "index_users_on_reset_password_token" ON "users" ("reset_password_token")[0m
  [1m[35m (0.2ms)[0m  [1m[34mSELECT "schema_migrations"."version" FROM "schema_migrations" ORDER BY "schema_migrations"."version" ASC[0m
  [1m[36mActiveRecord::InternalMetadata Load (0.2ms)[0m  [1m[34mSELECT "ar_internal_metadata".* FROM "ar_internal_metadata" WHERE "ar_internal_metadata"."key" = $1 LIMIT $2[0m  [["key", "environment"], ["LIMIT", 1]]
  [1m[36mActiveRecord::InternalMetadata Load (0.4ms)[0m  [1m[34mSELECT "ar_internal_metadata".* FROM "ar_internal_metadata" WHERE "ar_internal_metadata"."key" = $1 LIMIT $2[0m  [["key", "environment"], ["LIMIT", 1]]
  [1m[36mActiveRecord::InternalMetadata Load (0.3ms)[0m  [1m[34mSELECT "ar_internal_metadata".* FROM "ar_internal_metadata" WHERE "ar_internal_metadata"."key" = $1 LIMIT $2[0m  [["key", "schema_sha1"], ["LIMIT", 1]]
  [1m[35mSQL (0.1ms)[0m  [1m[35mCREATE EXTENSION IF NOT EXISTS "plpgsql"[0m
  [1m[35m (2.7ms)[0m  [1m[35mDROP TABLE IF EXISTS "active_admin_comments" CASCADE[0m
  [1m[35m (1.9ms)[0m  [1m[35mCREATE TABLE "active_admin_comments" ("id" bigserial primary key, "namespace" character varying, "body" text, "resource_type" character varying, "resource_id" bigint, "author_type" character varying, "author_id" bigint, "created_at" timestamp(6) NOT NULL, "updated_at" timestamp(6) NOT NULL)[0m
  [1m[35m (0.4ms)[0m  [1m[35mCREATE INDEX "index_active_admin_comments_on_author" ON "active_admin_comments" ("author_type", "author_id")[0m
  [1m[35m (0.5ms)[0m  [1m[35mCREATE INDEX "index_active_admin_comments_on_namespace" ON "active_admin_comments" ("namespace")[0m
  [1m[35m (0.5ms)[0m  [1m[35mCREATE INDEX "index_active_admin_comments_on_resource" ON "active_admin_comments" ("resource_type", "resource_id")[0m
  [1m[35m (0.9ms)[0m  [1m[35mDROP TABLE IF EXISTS "admin_users" CASCADE[0m
  [1m[35m (0.9ms)[0m  [1m[35mCREATE TABLE "admin_users" ("id" bigserial primary key, "email" character varying DEFAULT '' NOT NULL, "encrypted_password" character varying DEFAULT '' NOT NULL, "reset_password_token" character varying, "reset_password_sent_at" timestamp, "remember_created_at" timestamp, "created_at" timestamp(6) NOT NULL, "updated_at" timestamp(6) NOT NULL)[0m
  [1m[35m (0.4ms)[0m  [1m[35mCREATE UNIQUE INDEX "index_admin_users_on_email" ON "admin_users" ("email")[0m
  [1m[35m (0.3ms)[0m  [1m[35mCREATE UNIQUE INDEX "index_admin_users_on_reset_password_token" ON "admin_users" ("reset_password_token")[0m
  [1m[35m (0.9ms)[0m  [1m[35mDROP TABLE IF EXISTS "users" CASCADE[0m
  [1m[35m (0.9ms)[0m  [1m[35mCREATE TABLE "users" ("id" bigserial primary key, "email" character varying DEFAULT '' NOT NULL, "encrypted_password" character varying DEFAULT '' NOT NULL, "reset_password_token" character varying, "reset_password_sent_at" timestamp, "remember_created_at" timestamp, "created_at" timestamp(6) NOT NULL, "updated_at" timestamp(6) NOT NULL)[0m
  [1m[35m (0.4ms)[0m  [1m[35mCREATE UNIQUE INDEX "index_users_on_email" ON "users" ("email")[0m
  [1m[35m (0.3ms)[0m  [1m[35mCREATE UNIQUE INDEX "index_users_on_reset_password_token" ON "users" ("reset_password_token")[0m
  [1m[35m (0.2ms)[0m  [1m[34mSELECT "schema_migrations"."version" FROM "schema_migrations" ORDER BY "schema_migrations"."version" ASC[0m
  [1m[36mActiveRecord::InternalMetadata Load (0.1ms)[0m  [1m[34mSELECT "ar_internal_metadata".* FROM "ar_internal_metadata" WHERE "ar_internal_metadata"."key" = $1 LIMIT $2[0m  [["key", "environment"], ["LIMIT", 1]]
  [1m[36mTRANSACTION (0.1ms)[0m  [1m[35mBEGIN[0m
  [1m[36mActiveRecord::InternalMetadata Update (0.2ms)[0m  [1m[33mUPDATE "ar_internal_metadata" SET "value" = $1, "updated_at" = $2 WHERE "ar_internal_metadata"."key" = $3[0m  [["value", "development"], ["updated_at", "2022-03-17 20:44:34.055747"], ["key", "environment"]]
  [1m[36mTRANSACTION (0.2ms)[0m  [1m[35mCOMMIT[0m
  [1m[36mActiveRecord::InternalMetadata Load (0.1ms)[0m  [1m[34mSELECT "ar_internal_metadata".* FROM "ar_internal_metadata" WHERE "ar_internal_metadata"."key" = $1 LIMIT $2[0m  [["key", "environment"], ["LIMIT", 1]]
  [1m[36mTRANSACTION (0.1ms)[0m  [1m[35mBEGIN[0m
  [1m[36mActiveRecord::InternalMetadata Update (0.1ms)[0m  [1m[33mUPDATE "ar_internal_metadata" SET "value" = $1, "updated_at" = $2 WHERE "ar_internal_metadata"."key" = $3[0m  [["value", "test"], ["updated_at", "2022-03-17 20:44:34.057872"], ["key", "environment"]]
  [1m[36mTRANSACTION (0.1ms)[0m  [1m[35mCOMMIT[0m
  [1m[36mActiveRecord::InternalMetadata Load (0.1ms)[0m  [1m[34mSELECT "ar_internal_metadata".* FROM "ar_internal_metadata" WHERE "ar_internal_metadata"."key" = $1 LIMIT $2[0m  [["key", "schema_sha1"], ["LIMIT", 1]]
  [1m[35m (0.3ms)[0m  [1m[34mSELECT "schema_migrations"."version" FROM "schema_migrations" ORDER BY "schema_migrations"."version" ASC[0m
  [1m[36mAdminUser Load (0.2ms)[0m  [1m[34mSELECT "admin_users".* FROM "admin_users" WHERE "admin_users"."email" = $1 LIMIT $2[0m  [["email", "admin@example.com"], ["LIMIT", 1]]
  ↳ lib/fake_data_loader.rb:37:in `load_admin'
  [1m[36mTRANSACTION (0.2ms)[0m  [1m[35mBEGIN[0m
  ↳ lib/fake_data_loader.rb:38:in `load_admin'
  [1m[36mAdminUser Exists? (0.3ms)[0m  [1m[34mSELECT 1 AS one FROM "admin_users" WHERE "admin_users"."email" = $1 LIMIT $2[0m  [["email", "admin@example.com"], ["LIMIT", 1]]
  ↳ lib/fake_data_loader.rb:38:in `load_admin'
  [1m[36mAdminUser Create (0.4ms)[0m  [1m[32mINSERT INTO "admin_users" ("email", "encrypted_password", "created_at", "updated_at") VALUES ($1, $2, $3, $4) RETURNING "id"[0m  [["email", "admin@example.com"], ["encrypted_password", "$2a$12$VlNsMOw1cqEotpt4FCHEguoJ287XqhBXDvP8Urj6RiWBADFCovzVK"], ["created_at", "2022-03-17 20:44:34.335132"], ["updated_at", "2022-03-17 20:44:34.335132"]]
  ↳ lib/fake_data_loader.rb:38:in `load_admin'
  [1m[36mTRANSACTION (0.5ms)[0m  [1m[35mCOMMIT[0m
  ↳ lib/fake_data_loader.rb:38:in `load_admin'
Started GET "/" for ::1 at 2022-03-17 17:45:16 -0300
  [1m[35m (0.7ms)[0m  [1m[34mSELECT "schema_migrations"."version" FROM "schema_migrations" ORDER BY "schema_migrations"."version" ASC[0m
Processing by Rails::WelcomeController#index as HTML
  Rendering /Users/tamaralues/.rbenv/versions/2.7.3/lib/ruby/gems/2.7.0/gems/railties-6.1.5/lib/rails/templates/rails/welcome/index.html.erb
  Rendered /Users/tamaralues/.rbenv/versions/2.7.3/lib/ruby/gems/2.7.0/gems/railties-6.1.5/lib/rails/templates/rails/welcome/index.html.erb (Duration: 5.0ms | Allocations: 292)
Completed 200 OK in 12ms (Views: 6.2ms | ActiveRecord: 0.0ms | Allocations: 2176)


